# JRE version: OpenJDK Runtime Environment (17.0.6) (build 17.0.6+0-b2043.56-10027231)
# Java VM: OpenJDK 64-Bit Server VM (17.0.6+0-b2043.56-10027231, mixed mode, tiered, compressed oops, compressed class ptrs, g1 gc, windows-amd64)
GC Precious Log:
 CPUs: 4 total, 4 available
 Memory: 8058M
 Large Page Support: Disabled
 NUMA Support: Disabled
 Compressed Oops: Enabled (32-bit)
 Heap Region Size: 1M
 Heap Min Capacity: 8M
 Heap Initial Capacity: 126M
 Heap Max Capacity: 2G
 Pre-touch: Disabled
 Parallel Workers: 4
 Concurrent Workers: 1
 Concurrent Refinement Workers: 4
 Periodic GC: Disabled
Heap:
 garbage-first heap   total 189440K, used 132707K [0x0000000080000000, 0x0000000100000000)
  region size 1024K, 13 young (13312K), 4 survivors (4096K)
 Metaspace       used 87095K, committed 87808K, reserved 1130496K
  class space    used 11929K, committed 12288K, reserved 1048576K
GC Heap History (20 events):
Event: 10.235 GC heap before
{Heap before GC invocations=29 (full 0):
 garbage-first heap   total 140288K, used 111016K [0x0000000080000000, 0x0000000100000000)
  region size 1024K, 32 young (32768K), 4 survivors (4096K)
 Metaspace       used 63285K, committed 64000K, reserved 1105920K
  class space    used 8484K, committed 8832K, reserved 1048576K
}
Event: 10.241 GC heap after
{Heap after GC invocations=30 (full 0):
 garbage-first heap   total 140288K, used 83333K [0x0000000080000000, 0x0000000100000000)
  region size 1024K, 2 young (2048K), 2 survivors (2048K)
 Metaspace       used 63285K, committed 64000K, reserved 1105920K
  class space    used 8484K, committed 8832K, reserved 1048576K
}
Event: 10.870 GC heap before
{Heap before GC invocations=31 (full 0):
 garbage-first heap   total 145408K, used 117125K [0x0000000080000000, 0x0000000100000000)
  region size 1024K, 30 young (30720K), 2 survivors (2048K)
 Metaspace       used 66818K, committed 67456K, reserved 1114112K
  class space    used 8955K, committed 9280K, reserved 1048576K
}
Event: 10.876 GC heap after
{Heap after GC invocations=32 (full 0):
 garbage-first heap   total 145408K, used 87046K [0x0000000080000000, 0x0000000100000000)
  region size 1024K, 4 young (4096K), 4 survivors (4096K)
 Metaspace       used 66818K, committed 67456K, reserved 1114112K
  class space    used 8955K, committed 9280K, reserved 1048576K
}
Event: 10.934 GC heap before
{Heap before GC invocations=32 (full 0):
 garbage-first heap   total 145408K, used 90118K [0x0000000080000000, 0x0000000100000000)
  region size 1024K, 7 young (7168K), 4 survivors (4096K)
 Metaspace       used 67266K, committed 67968K, reserved 1114112K
  class space    used 9003K, committed 9344K, reserved 1048576K
}
Event: 10.939 GC heap after
{Heap after GC invocations=33 (full 0):
 garbage-first heap   total 145408K, used 87594K [0x0000000080000000, 0x0000000100000000)
  region size 1024K, 1 young (1024K), 1 survivors (1024K)
 Metaspace       used 67266K, committed 67968K, reserved 1114112K
  class space    used 9003K, committed 9344K, reserved 1048576K
}
Event: 11.437 GC heap before
{Heap before GC invocations=33 (full 0):
 garbage-first heap   total 145408K, used 117290K [0x0000000080000000, 0x0000000100000000)
  region size 1024K, 30 young (30720K), 1 survivors (1024K)
 Metaspace       used 70032K, committed 70720K, reserved 1114112K
  class space    used 9337K, committed 9664K, reserved 1048576K
}
Event: 11.441 GC heap after
{Heap after GC invocations=34 (full 0):
 garbage-first heap   total 189440K, used 88957K [0x0000000080000000, 0x0000000100000000)
  region size 1024K, 2 young (2048K), 2 survivors (2048K)
 Metaspace       used 70032K, committed 70720K, reserved 1114112K
  class space    used 9337K, committed 9664K, reserved 1048576K
}
Event: 12.483 GC heap before
{Heap before GC invocations=35 (full 0):
 garbage-first heap   total 189440K, used 144253K [0x0000000080000000, 0x0000000100000000)
  region size 1024K, 56 young (57344K), 2 survivors (2048K)
 Metaspace       used 76104K, committed 76800K, reserved 1122304K
  class space    used 10169K, committed 10496K, reserved 1048576K
}
Event: 12.492 GC heap after
{Heap after GC invocations=36 (full 0):
 garbage-first heap   total 189440K, used 92319K [0x0000000080000000, 0x0000000100000000)
  region size 1024K, 6 young (6144K), 6 survivors (6144K)
 Metaspace       used 76104K, committed 76800K, reserved 1122304K
  class space    used 10169K, committed 10496K, reserved 1048576K
}
Event: 12.547 GC heap before
{Heap before GC invocations=36 (full 0):
 garbage-first heap   total 189440K, used 95391K [0x0000000080000000, 0x0000000100000000)
  region size 1024K, 9 young (9216K), 6 survivors (6144K)
 Metaspace       used 76399K, committed 77120K, reserved 1122304K
  class space    used 10223K, committed 10560K, reserved 1048576K
}
Event: 12.554 GC heap after
{Heap after GC invocations=37 (full 0):
 garbage-first heap   total 189440K, used 92464K [0x0000000080000000, 0x0000000100000000)
  region size 1024K, 1 young (1024K), 1 survivors (1024K)
 Metaspace       used 76399K, committed 77120K, reserved 1122304K
  class space    used 10223K, committed 10560K, reserved 1048576K
}
Event: 12.622 GC heap before
{Heap before GC invocations=37 (full 0):
 garbage-first heap   total 189440K, used 95536K [0x0000000080000000, 0x0000000100000000)
  region size 1024K, 5 young (5120K), 1 survivors (1024K)
 Metaspace       used 76798K, committed 77504K, reserved 1122304K
  class space    used 10274K, committed 10624K, reserved 1048576K
}
Event: 12.625 GC heap after
{Heap after GC invocations=38 (full 0):
 garbage-first heap   total 189440K, used 92308K [0x0000000080000000, 0x0000000100000000)
  region size 1024K, 1 young (1024K), 1 survivors (1024K)
 Metaspace       used 76798K, committed 77504K, reserved 1122304K
  class space    used 10274K, committed 10624K, reserved 1048576K
}
Event: 13.987 GC heap before
{Heap before GC invocations=39 (full 0):
 garbage-first heap   total 189440K, used 175252K [0x0000000080000000, 0x0000000100000000)
  region size 1024K, 60 young (61440K), 1 survivors (1024K)
 Metaspace       used 83838K, committed 84608K, reserved 1122304K
  class space    used 11448K, committed 11776K, reserved 1048576K
}
Event: 13.995 GC heap after
{Heap after GC invocations=40 (full 0):
 garbage-first heap   total 189440K, used 121570K [0x0000000080000000, 0x0000000100000000)
  region size 1024K, 8 young (8192K), 8 survivors (8192K)
 Metaspace       used 83838K, committed 84608K, reserved 1122304K
  class space    used 11448K, committed 11776K, reserved 1048576K
}
Event: 14.024 GC heap before
{Heap before GC invocations=40 (full 0):
 garbage-first heap   total 189440K, used 122594K [0x0000000080000000, 0x0000000100000000)
  region size 1024K, 9 young (9216K), 8 survivors (8192K)
 Metaspace       used 84046K, committed 84800K, reserved 1122304K
  class space    used 11484K, committed 11840K, reserved 1048576K
}
Event: 14.032 GC heap after
{Heap after GC invocations=41 (full 0):
 garbage-first heap   total 189440K, used 121964K [0x0000000080000000, 0x0000000100000000)
  region size 1024K, 1 young (1024K), 1 survivors (1024K)
 Metaspace       used 84046K, committed 84800K, reserved 1122304K
  class space    used 11484K, committed 11840K, reserved 1048576K
}
Event: 14.583 GC heap before
{Heap before GC invocations=41 (full 0):
 garbage-first heap   total 189440K, used 154732K [0x0000000080000000, 0x0000000100000000)
  region size 1024K, 34 young (34816K), 1 survivors (1024K)
 Metaspace       used 86645K, committed 87360K, reserved 1130496K
  class space    used 11856K, committed 12224K, reserved 1048576K
}
Event: 14.589 GC heap after
{Heap after GC invocations=42 (full 0):
 garbage-first heap   total 189440K, used 124515K [0x0000000080000000, 0x0000000100000000)
  region size 1024K, 4 young (4096K), 4 survivors (4096K)
 Metaspace       used 86645K, committed 87360K, reserved 1130496K
  class space    used 11856K, committed 12224K, reserved 1048576K
}

