# JRE version: OpenJDK Runtime Environment (17.0.6) (build 17.0.6+0-b2043.56-10027231)
# Java VM: OpenJDK 64-Bit Server VM (17.0.6+0-b2043.56-10027231, mixed mode, tiered, compressed oops, compressed class ptrs, g1 gc, windows-amd64)
GC Precious Log:
 CPUs: 4 total, 4 available
 Memory: 8058M
 Large Page Support: Disabled
 NUMA Support: Disabled
 Compressed Oops: Enabled (32-bit)
 Heap Region Size: 1M
 Heap Min Capacity: 8M
 Heap Initial Capacity: 126M
 Heap Max Capacity: 2G
 Pre-touch: Disabled
 Parallel Workers: 4
 Concurrent Workers: 1
 Concurrent Refinement Workers: 4
 Periodic GC: Disabled
Heap:
 garbage-first heap   total 245760K, used 148514K [0x0000000080000000, 0x0000000100000000)
  region size 1024K, 20 young (20480K), 2 survivors (2048K)
 Metaspace       used 87786K, committed 88512K, reserved 1130496K
  class space    used 12008K, committed 12352K, reserved 1048576K
GC Heap History (20 events):
Event: 10.980 GC heap before
{Heap before GC invocations=28 (full 0):
 garbage-first heap   total 142336K, used 104867K [0x0000000080000000, 0x0000000100000000)
  region size 1024K, 30 young (30720K), 3 survivors (3072K)
 Metaspace       used 59105K, committed 59776K, reserved 1105920K
  class space    used 7948K, committed 8256K, reserved 1048576K
}
Event: 10.987 GC heap after
{Heap after GC invocations=29 (full 0):
 garbage-first heap   total 142336K, used 82523K [0x0000000080000000, 0x0000000100000000)
  region size 1024K, 4 young (4096K), 4 survivors (4096K)
 Metaspace       used 59105K, committed 59776K, reserved 1105920K
  class space    used 7948K, committed 8256K, reserved 1048576K
}
Event: 11.653 GC heap before
{Heap before GC invocations=29 (full 0):
 garbage-first heap   total 142336K, used 111195K [0x0000000080000000, 0x0000000100000000)
  region size 1024K, 33 young (33792K), 4 survivors (4096K)
 Metaspace       used 64203K, committed 64832K, reserved 1105920K
  class space    used 8585K, committed 8832K, reserved 1048576K
}
Event: 11.660 GC heap after
{Heap after GC invocations=30 (full 0):
 garbage-first heap   total 142336K, used 83735K [0x0000000080000000, 0x0000000100000000)
  region size 1024K, 2 young (2048K), 2 survivors (2048K)
 Metaspace       used 64203K, committed 64832K, reserved 1105920K
  class space    used 8585K, committed 8832K, reserved 1048576K
}
Event: 11.966 GC heap before
{Heap before GC invocations=31 (full 0):
 garbage-first heap   total 150528K, used 96023K [0x0000000080000000, 0x0000000100000000)
  region size 1024K, 15 young (15360K), 2 survivors (2048K)
 Metaspace       used 66485K, committed 67200K, reserved 1114112K
  class space    used 8878K, committed 9216K, reserved 1048576K
}
Event: 11.971 GC heap after
{Heap after GC invocations=32 (full 0):
 garbage-first heap   total 150528K, used 85284K [0x0000000080000000, 0x0000000100000000)
  region size 1024K, 3 young (3072K), 3 survivors (3072K)
 Metaspace       used 66485K, committed 67200K, reserved 1114112K
  class space    used 8878K, committed 9216K, reserved 1048576K
}
Event: 12.507 GC heap before
{Heap before GC invocations=33 (full 0):
 garbage-first heap   total 176128K, used 125220K [0x0000000080000000, 0x0000000100000000)
  region size 1024K, 36 young (36864K), 3 survivors (3072K)
 Metaspace       used 68754K, committed 69440K, reserved 1114112K
  class space    used 9180K, committed 9472K, reserved 1048576K
}
Event: 12.516 GC heap after
{Heap after GC invocations=34 (full 0):
 garbage-first heap   total 176128K, used 88363K [0x0000000080000000, 0x0000000100000000)
  region size 1024K, 5 young (5120K), 5 survivors (5120K)
 Metaspace       used 68754K, committed 69440K, reserved 1114112K
  class space    used 9180K, committed 9472K, reserved 1048576K
}
Event: 12.561 GC heap before
{Heap before GC invocations=34 (full 0):
 garbage-first heap   total 176128K, used 91435K [0x0000000080000000, 0x0000000100000000)
  region size 1024K, 8 young (8192K), 5 survivors (5120K)
 Metaspace       used 68976K, committed 69696K, reserved 1114112K
  class space    used 9204K, committed 9536K, reserved 1048576K
}
Event: 12.566 GC heap after
{Heap after GC invocations=35 (full 0):
 garbage-first heap   total 211968K, used 88996K [0x0000000080000000, 0x0000000100000000)
  region size 1024K, 1 young (1024K), 1 survivors (1024K)
 Metaspace       used 68976K, committed 69696K, reserved 1114112K
  class space    used 9204K, committed 9536K, reserved 1048576K
}
Event: 13.634 GC heap before
{Heap before GC invocations=35 (full 0):
 garbage-first heap   total 211968K, used 150436K [0x0000000080000000, 0x0000000100000000)
  region size 1024K, 61 young (62464K), 1 survivors (1024K)
 Metaspace       used 75680K, committed 76416K, reserved 1122304K
  class space    used 10099K, committed 10432K, reserved 1048576K
}
Event: 13.643 GC heap after
{Heap after GC invocations=36 (full 0):
 garbage-first heap   total 211968K, used 92120K [0x0000000080000000, 0x0000000100000000)
  region size 1024K, 4 young (4096K), 4 survivors (4096K)
 Metaspace       used 75680K, committed 76416K, reserved 1122304K
  class space    used 10099K, committed 10432K, reserved 1048576K
}
Event: 15.102 GC heap before
{Heap before GC invocations=36 (full 0):
 garbage-first heap   total 211968K, used 163800K [0x0000000080000000, 0x0000000100000000)
  region size 1024K, 69 young (70656K), 4 survivors (4096K)
 Metaspace       used 83451K, committed 84096K, reserved 1122304K
  class space    used 11371K, committed 11648K, reserved 1048576K
}
Event: 15.119 GC heap after
{Heap after GC invocations=37 (full 0):
 garbage-first heap   total 211968K, used 102321K [0x0000000080000000, 0x0000000100000000)
  region size 1024K, 9 young (9216K), 9 survivors (9216K)
 Metaspace       used 83451K, committed 84096K, reserved 1122304K
  class space    used 11371K, committed 11648K, reserved 1048576K
}
Event: 15.129 GC heap before
{Heap before GC invocations=37 (full 0):
 garbage-first heap   total 211968K, used 105393K [0x0000000080000000, 0x0000000100000000)
  region size 1024K, 10 young (10240K), 9 survivors (9216K)
 Metaspace       used 83451K, committed 84096K, reserved 1122304K
  class space    used 11371K, committed 11648K, reserved 1048576K
}
Event: 15.143 GC heap after
{Heap after GC invocations=38 (full 0):
 garbage-first heap   total 211968K, used 107096K [0x0000000080000000, 0x0000000100000000)
  region size 1024K, 7 young (7168K), 7 survivors (7168K)
 Metaspace       used 83451K, committed 84096K, reserved 1122304K
  class space    used 11371K, committed 11648K, reserved 1048576K
}
Event: 16.000 GC heap before
{Heap before GC invocations=39 (full 0):
 garbage-first heap   total 211968K, used 159320K [0x0000000080000000, 0x0000000100000000)
  region size 1024K, 45 young (46080K), 7 survivors (7168K)
 Metaspace       used 86673K, committed 87360K, reserved 1130496K
  class space    used 11845K, committed 12160K, reserved 1048576K
}
Event: 16.012 GC heap after
{Heap after GC invocations=40 (full 0):
 garbage-first heap   total 211968K, used 126253K [0x0000000080000000, 0x0000000100000000)
  region size 1024K, 6 young (6144K), 6 survivors (6144K)
 Metaspace       used 86673K, committed 87360K, reserved 1130496K
  class space    used 11845K, committed 12160K, reserved 1048576K
}
Event: 16.265 GC heap before
{Heap before GC invocations=40 (full 0):
 garbage-first heap   total 211968K, used 143661K [0x0000000080000000, 0x0000000100000000)
  region size 1024K, 24 young (24576K), 6 survivors (6144K)
 Metaspace       used 87771K, committed 88512K, reserved 1130496K
  class space    used 12007K, committed 12352K, reserved 1048576K
}
Event: 16.272 GC heap after
{Heap after GC invocations=41 (full 0):
 garbage-first heap   total 211968K, used 127010K [0x0000000080000000, 0x0000000100000000)
  region size 1024K, 2 young (2048K), 2 survivors (2048K)
 Metaspace       used 87771K, committed 88512K, reserved 1130496K
  class space    used 12007K, committed 12352K, reserved 1048576K
}

