# JRE version: OpenJDK Runtime Environment (17.0.6) (build 17.0.6+0-b2043.56-10027231)
# Java VM: OpenJDK 64-Bit Server VM (17.0.6+0-b2043.56-10027231, mixed mode, tiered, compressed oops, compressed class ptrs, g1 gc, windows-amd64)
GC Precious Log:
 CPUs: 4 total, 4 available
 Memory: 8058M
 Large Page Support: Disabled
 NUMA Support: Disabled
 Compressed Oops: Enabled (32-bit)
 Heap Region Size: 1M
 Heap Min Capacity: 8M
 Heap Initial Capacity: 126M
 Heap Max Capacity: 2G
 Pre-touch: Disabled
 Parallel Workers: 4
 Concurrent Workers: 1
 Concurrent Refinement Workers: 4
 Periodic GC: Disabled
Heap:
 garbage-first heap   total 225280K, used 95232K [0x0000000080000000, 0x0000000100000000)
  region size 1024K, 16 young (16384K), 1 survivors (1024K)
 Metaspace       used 64714K, committed 65472K, reserved 1105920K
  class space    used 8670K, committed 9024K, reserved 1048576K
GC Heap History (20 events):
Event: 4.378 GC heap before
{Heap before GC invocations=10 (full 0):
 garbage-first heap   total 81920K, used 56041K [0x0000000080000000, 0x0000000100000000)
  region size 1024K, 11 young (11264K), 1 survivors (1024K)
 Metaspace       used 30677K, committed 31040K, reserved 1081344K
  class space    used 4180K, committed 4352K, reserved 1048576K
}
Event: 4.381 GC heap after
{Heap after GC invocations=11 (full 0):
 garbage-first heap   total 81920K, used 48444K [0x0000000080000000, 0x0000000100000000)
  region size 1024K, 2 young (2048K), 2 survivors (2048K)
 Metaspace       used 30677K, committed 31040K, reserved 1081344K
  class space    used 4180K, committed 4352K, reserved 1048576K
}
Event: 4.420 GC heap before
{Heap before GC invocations=11 (full 0):
 garbage-first heap   total 81920K, used 49468K [0x0000000080000000, 0x0000000100000000)
  region size 1024K, 4 young (4096K), 2 survivors (2048K)
 Metaspace       used 30878K, committed 31232K, reserved 1081344K
  class space    used 4215K, committed 4416K, reserved 1048576K
}
Event: 4.424 GC heap after
{Heap after GC invocations=12 (full 0):
 garbage-first heap   total 121856K, used 48013K [0x0000000080000000, 0x0000000100000000)
  region size 1024K, 1 young (1024K), 1 survivors (1024K)
 Metaspace       used 30878K, committed 31232K, reserved 1081344K
  class space    used 4215K, committed 4416K, reserved 1048576K
}
Event: 5.562 GC heap before
{Heap before GC invocations=12 (full 0):
 garbage-first heap   total 121856K, used 87949K [0x0000000080000000, 0x0000000100000000)
  region size 1024K, 40 young (40960K), 1 survivors (1024K)
 Metaspace       used 37383K, committed 37824K, reserved 1089536K
  class space    used 5139K, committed 5376K, reserved 1048576K
}
Event: 5.567 GC heap after
{Heap after GC invocations=13 (full 0):
 garbage-first heap   total 121856K, used 50448K [0x0000000080000000, 0x0000000100000000)
  region size 1024K, 3 young (3072K), 3 survivors (3072K)
 Metaspace       used 37383K, committed 37824K, reserved 1089536K
  class space    used 5139K, committed 5376K, reserved 1048576K
}
Event: 6.456 GC heap before
{Heap before GC invocations=13 (full 0):
 garbage-first heap   total 121856K, used 94480K [0x0000000080000000, 0x0000000100000000)
  region size 1024K, 44 young (45056K), 3 survivors (3072K)
 Metaspace       used 43910K, committed 44288K, reserved 1089536K
  class space    used 5750K, committed 5952K, reserved 1048576K
}
Event: 6.466 GC heap after
{Heap after GC invocations=14 (full 0):
 garbage-first heap   total 121856K, used 55036K [0x0000000080000000, 0x0000000100000000)
  region size 1024K, 6 young (6144K), 6 survivors (6144K)
 Metaspace       used 43910K, committed 44288K, reserved 1089536K
  class space    used 5750K, committed 5952K, reserved 1048576K
}
Event: 7.091 GC heap before
{Heap before GC invocations=14 (full 0):
 garbage-first heap   total 121856K, used 82684K [0x0000000080000000, 0x0000000100000000)
  region size 1024K, 32 young (32768K), 6 survivors (6144K)
 Metaspace       used 46730K, committed 47168K, reserved 1097728K
  class space    used 6196K, committed 6400K, reserved 1048576K
}
Event: 7.101 GC heap after
{Heap after GC invocations=15 (full 0):
 garbage-first heap   total 121856K, used 61196K [0x0000000080000000, 0x0000000100000000)
  region size 1024K, 3 young (3072K), 3 survivors (3072K)
 Metaspace       used 46730K, committed 47168K, reserved 1097728K
  class space    used 6196K, committed 6400K, reserved 1048576K
}
Event: 7.752 GC heap before
{Heap before GC invocations=16 (full 0):
 garbage-first heap   total 121856K, used 99084K [0x0000000080000000, 0x0000000100000000)
  region size 1024K, 37 young (37888K), 3 survivors (3072K)
 Metaspace       used 49703K, committed 50176K, reserved 1097728K
  class space    used 6513K, committed 6720K, reserved 1048576K
}
Event: 7.764 GC heap after
{Heap after GC invocations=17 (full 0):
 garbage-first heap   total 121856K, used 67242K [0x0000000080000000, 0x0000000100000000)
  region size 1024K, 3 young (3072K), 3 survivors (3072K)
 Metaspace       used 49703K, committed 50176K, reserved 1097728K
  class space    used 6513K, committed 6720K, reserved 1048576K
}
Event: 7.806 GC heap before
{Heap before GC invocations=17 (full 0):
 garbage-first heap   total 121856K, used 69290K [0x0000000080000000, 0x0000000100000000)
  region size 1024K, 5 young (5120K), 3 survivors (3072K)
 Metaspace       used 49795K, committed 50304K, reserved 1097728K
  class space    used 6525K, committed 6720K, reserved 1048576K
}
Event: 7.815 GC heap after
{Heap after GC invocations=18 (full 0):
 garbage-first heap   total 121856K, used 67097K [0x0000000080000000, 0x0000000100000000)
  region size 1024K, 1 young (1024K), 1 survivors (1024K)
 Metaspace       used 49795K, committed 50304K, reserved 1097728K
  class space    used 6525K, committed 6720K, reserved 1048576K
}
Event: 8.542 GC heap before
{Heap before GC invocations=18 (full 0):
 garbage-first heap   total 121856K, used 97817K [0x0000000080000000, 0x0000000100000000)
  region size 1024K, 31 young (31744K), 1 survivors (1024K)
 Metaspace       used 53440K, committed 54080K, reserved 1097728K
  class space    used 7174K, committed 7488K, reserved 1048576K
}
Event: 8.548 GC heap after
{Heap after GC invocations=19 (full 0):
 garbage-first heap   total 225280K, used 69140K [0x0000000080000000, 0x0000000100000000)
  region size 1024K, 3 young (3072K), 3 survivors (3072K)
 Metaspace       used 53440K, committed 54080K, reserved 1097728K
  class space    used 7174K, committed 7488K, reserved 1048576K
}
Event: 10.442 GC heap before
{Heap before GC invocations=20 (full 0):
 garbage-first heap   total 225280K, used 162324K [0x0000000080000000, 0x0000000100000000)
  region size 1024K, 91 young (93184K), 3 survivors (3072K)
 Metaspace       used 62014K, committed 62528K, reserved 1105920K
  class space    used 8280K, committed 8512K, reserved 1048576K
}
Event: 10.455 GC heap after
{Heap after GC invocations=21 (full 0):
 garbage-first heap   total 225280K, used 80413K [0x0000000080000000, 0x0000000100000000)
  region size 1024K, 11 young (11264K), 11 survivors (11264K)
 Metaspace       used 62014K, committed 62528K, reserved 1105920K
  class space    used 8280K, committed 8512K, reserved 1048576K
}
Event: 10.481 GC heap before
{Heap before GC invocations=21 (full 0):
 garbage-first heap   total 225280K, used 81437K [0x0000000080000000, 0x0000000100000000)
  region size 1024K, 12 young (12288K), 11 survivors (11264K)
 Metaspace       used 62133K, committed 62720K, reserved 1105920K
  class space    used 8298K, committed 8576K, reserved 1048576K
}
Event: 10.491 GC heap after
{Heap after GC invocations=22 (full 0):
 garbage-first heap   total 225280K, used 80896K [0x0000000080000000, 0x0000000100000000)
  region size 1024K, 1 young (1024K), 1 survivors (1024K)
 Metaspace       used 62133K, committed 62720K, reserved 1105920K
  class space    used 8298K, committed 8576K, reserved 1048576K
}

