# JRE version: OpenJDK Runtime Environment (17.0.6) (build 17.0.6+0-b2043.56-10027231)
# Java VM: OpenJDK 64-Bit Server VM (17.0.6+0-b2043.56-10027231, mixed mode, tiered, compressed oops, compressed class ptrs, g1 gc, windows-amd64)
GC Precious Log:
 CPUs: 4 total, 4 available
 Memory: 8058M
 Large Page Support: Disabled
 NUMA Support: Disabled
 Compressed Oops: Enabled (32-bit)
 Heap Region Size: 1M
 Heap Min Capacity: 8M
 Heap Initial Capacity: 126M
 Heap Max Capacity: 2G
 Pre-touch: Disabled
 Parallel Workers: 4
 Concurrent Workers: 1
 Concurrent Refinement Workers: 4
 Periodic GC: Disabled
Heap:
 garbage-first heap   total 208896K, used 140888K [0x0000000080000000, 0x0000000100000000)
  region size 1024K, 13 young (13312K), 2 survivors (2048K)
 Metaspace       used 87815K, committed 88576K, reserved 1130496K
  class space    used 12010K, committed 12352K, reserved 1048576K
GC Heap History (20 events):
Event: 10.823 GC heap before
{Heap before GC invocations=30 (full 0):
 garbage-first heap   total 145408K, used 104527K [0x0000000080000000, 0x0000000100000000)
  region size 1024K, 30 young (30720K), 4 survivors (4096K)
 Metaspace       used 59152K, committed 59776K, reserved 1105920K
  class space    used 7962K, committed 8256K, reserved 1048576K
}
Event: 10.827 GC heap after
{Heap after GC invocations=31 (full 0):
 garbage-first heap   total 145408K, used 81907K [0x0000000080000000, 0x0000000100000000)
  region size 1024K, 4 young (4096K), 4 survivors (4096K)
 Metaspace       used 59152K, committed 59776K, reserved 1105920K
  class space    used 7962K, committed 8256K, reserved 1048576K
}
Event: 11.657 GC heap before
{Heap before GC invocations=31 (full 0):
 garbage-first heap   total 145408K, used 113651K [0x0000000080000000, 0x0000000100000000)
  region size 1024K, 35 young (35840K), 4 survivors (4096K)
 Metaspace       used 64605K, committed 65344K, reserved 1105920K
  class space    used 8649K, committed 8960K, reserved 1048576K
}
Event: 11.668 GC heap after
{Heap after GC invocations=32 (full 0):
 garbage-first heap   total 175104K, used 83183K [0x0000000080000000, 0x0000000100000000)
  region size 1024K, 2 young (2048K), 2 survivors (2048K)
 Metaspace       used 64605K, committed 65344K, reserved 1105920K
  class space    used 8649K, committed 8960K, reserved 1048576K
}
Event: 12.095 GC heap before
{Heap before GC invocations=33 (full 0):
 garbage-first heap   total 175104K, used 92399K [0x0000000080000000, 0x0000000100000000)
  region size 1024K, 12 young (12288K), 2 survivors (2048K)
 Metaspace       used 66480K, committed 67264K, reserved 1114112K
  class space    used 8879K, committed 9216K, reserved 1048576K
}
Event: 12.103 GC heap after
{Heap after GC invocations=34 (full 0):
 garbage-first heap   total 175104K, used 84644K [0x0000000080000000, 0x0000000100000000)
  region size 1024K, 3 young (3072K), 3 survivors (3072K)
 Metaspace       used 66480K, committed 67264K, reserved 1114112K
  class space    used 8879K, committed 9216K, reserved 1048576K
}
Event: 12.982 GC heap before
{Heap before GC invocations=35 (full 0):
 garbage-first heap   total 175104K, used 141988K [0x0000000080000000, 0x0000000100000000)
  region size 1024K, 53 young (54272K), 3 survivors (3072K)
 Metaspace       used 70410K, committed 71104K, reserved 1114112K
  class space    used 9401K, committed 9728K, reserved 1048576K
}
Event: 12.991 GC heap after
{Heap after GC invocations=36 (full 0):
 garbage-first heap   total 175104K, used 88486K [0x0000000080000000, 0x0000000100000000)
  region size 1024K, 7 young (7168K), 7 survivors (7168K)
 Metaspace       used 70410K, committed 71104K, reserved 1114112K
  class space    used 9401K, committed 9728K, reserved 1048576K
}
Event: 13.998 GC heap before
{Heap before GC invocations=36 (full 0):
 garbage-first heap   total 175104K, used 135590K [0x0000000080000000, 0x0000000100000000)
  region size 1024K, 54 young (55296K), 7 survivors (7168K)
 Metaspace       used 75713K, committed 76416K, reserved 1122304K
  class space    used 10100K, committed 10432K, reserved 1048576K
}
Event: 14.010 GC heap after
{Heap after GC invocations=37 (full 0):
 garbage-first heap   total 175104K, used 91749K [0x0000000080000000, 0x0000000100000000)
  region size 1024K, 4 young (4096K), 4 survivors (4096K)
 Metaspace       used 75713K, committed 76416K, reserved 1122304K
  class space    used 10100K, committed 10432K, reserved 1048576K
}
Event: 14.203 GC heap before
{Heap before GC invocations=38 (full 0):
 garbage-first heap   total 175104K, used 101989K [0x0000000080000000, 0x0000000100000000)
  region size 1024K, 15 young (15360K), 4 survivors (4096K)
 Metaspace       used 76791K, committed 77504K, reserved 1122304K
  class space    used 10265K, committed 10624K, reserved 1048576K
}
Event: 14.208 GC heap after
{Heap after GC invocations=39 (full 0):
 garbage-first heap   total 175104K, used 92320K [0x0000000080000000, 0x0000000100000000)
  region size 1024K, 4 young (4096K), 4 survivors (4096K)
 Metaspace       used 76791K, committed 77504K, reserved 1122304K
  class space    used 10265K, committed 10624K, reserved 1048576K
}
Event: 15.347 GC heap before
{Heap before GC invocations=40 (full 0):
 garbage-first heap   total 175104K, used 142496K [0x0000000080000000, 0x0000000100000000)
  region size 1024K, 52 young (53248K), 4 survivors (4096K)
 Metaspace       used 82584K, committed 83264K, reserved 1122304K
  class space    used 11261K, committed 11584K, reserved 1048576K
}
Event: 15.359 GC heap after
{Heap after GC invocations=41 (full 0):
 garbage-first heap   total 175104K, used 95390K [0x0000000080000000, 0x0000000100000000)
  region size 1024K, 4 young (4096K), 4 survivors (4096K)
 Metaspace       used 82584K, committed 83264K, reserved 1122304K
  class space    used 11261K, committed 11584K, reserved 1048576K
}
Event: 15.529 GC heap before
{Heap before GC invocations=41 (full 0):
 garbage-first heap   total 175104K, used 99486K [0x0000000080000000, 0x0000000100000000)
  region size 1024K, 9 young (9216K), 4 survivors (4096K)
 Metaspace       used 83455K, committed 84160K, reserved 1122304K
  class space    used 11373K, committed 11712K, reserved 1048576K
}
Event: 15.534 GC heap after
{Heap after GC invocations=42 (full 0):
 garbage-first heap   total 175104K, used 95641K [0x0000000080000000, 0x0000000100000000)
  region size 1024K, 4 young (4096K), 4 survivors (4096K)
 Metaspace       used 83455K, committed 84160K, reserved 1122304K
  class space    used 11373K, committed 11712K, reserved 1048576K
}
Event: 16.509 GC heap before
{Heap before GC invocations=43 (full 0):
 garbage-first heap   total 208896K, used 161177K [0x0000000080000000, 0x0000000100000000)
  region size 1024K, 47 young (48128K), 4 survivors (4096K)
 Metaspace       used 86697K, committed 87424K, reserved 1130496K
  class space    used 11844K, committed 12160K, reserved 1048576K
}
Event: 16.519 GC heap after
{Heap after GC invocations=44 (full 0):
 garbage-first heap   total 208896K, used 124809K [0x0000000080000000, 0x0000000100000000)
  region size 1024K, 6 young (6144K), 6 survivors (6144K)
 Metaspace       used 86697K, committed 87424K, reserved 1130496K
  class space    used 11844K, committed 12160K, reserved 1048576K
}
Event: 16.763 GC heap before
{Heap before GC invocations=44 (full 0):
 garbage-first heap   total 208896K, used 138121K [0x0000000080000000, 0x0000000100000000)
  region size 1024K, 21 young (21504K), 6 survivors (6144K)
 Metaspace       used 87805K, committed 88576K, reserved 1130496K
  class space    used 12010K, committed 12352K, reserved 1048576K
}
Event: 16.769 GC heap after
{Heap after GC invocations=45 (full 0):
 garbage-first heap   total 208896K, used 126552K [0x0000000080000000, 0x0000000100000000)
  region size 1024K, 2 young (2048K), 2 survivors (2048K)
 Metaspace       used 87805K, committed 88576K, reserved 1130496K
  class space    used 12010K, committed 12352K, reserved 1048576K
}

